<?xml version="1.0" encoding="UTF-8"?>
<testsuite xmlns:xsi="http://www.w3.org/2001/XMLSchema-instance" xsi:noNamespaceSchemaLocation="https://maven.apache.org/surefire/maven-surefire-plugin/xsd/surefire-test-report.xsd" name="TestSuite" time="0.429" tests="9" errors="0" skipped="8" failures="1">
  <properties>
[...]
</properties>
  <testcase name="setUpTest" classname="com.MyTest.LoginTest" time="0.272">
    <failure message="&#10;Parameter &apos;browser&apos; is required by BeforeMethod on method setUpTest but has not been marked @Optional or defined&#10;" type="org.testng.TestNGException">org.testng.TestNGException: 

Parameter 'browser' is required by BeforeMethod on method setUpTest but has not been marked @Optional or defined

</failure>
  </testcase>
  <testcase name="setUpTest" classname="com.MyTest.LoginTest" time="0">
    <skipped/>
  </testcase>
  <testcase name="setUpTest" classname="com.MyTest.LoginTest" time="0">
    <skipped/>
  </testcase>
  <testcase name="verifyLoginPageTitleTest" classname="com.MyTest.LoginTest" time="0">
    <skipped message="&#10;Parameter &apos;browser&apos; is required by BeforeMethod on method setUpTest but has not been marked @Optional or defined&#10;"/>
  </testcase>
  <testcase name="tearDown" classname="com.MyTest.LoginTest" time="0">
    <skipped/>
  </testcase>
  <testcase name="tearDown" classname="com.MyTest.LoginTest" time="0">
    <skipped/>
  </testcase>
  <testcase name="tearDown" classname="com.MyTest.LoginTest" time="0">
    <skipped/>
  </testcase>
  <testcase name="verifyLoginPageHeaderTest" classname="com.MyTest.LoginTest" time="0">
    <skipped message="&#10;Parameter &apos;browser&apos; is required by BeforeMethod on method setUpTest but has not been marked @Optional or defined&#10;"/>
  </testcase>
  <testcase name="doLoginTest" classname="com.MyTest.LoginTest" time="0">
    <skipped message="&#10;Parameter &apos;browser&apos; is required by BeforeMethod on method setUpTest but has not been marked @Optional or defined&#10;"/>
  </testcase>
</testsuite>